<?xml version="1.0" encoding="UTF-8" ?>
<testsuite errors="1" failures="0" hostname="synx" name="smrunner.real.debian_Test" tests="1" time="0.889" timestamp="2008-08-15T22:54:30">
  <properties>
[...]
</properties>
  <testcase classname="smrunner.real.debian_Test" name="test1" time="0.792">
    <error message="paranoia!!!" type="java.lang.RuntimeException">java.lang.RuntimeException: paranoia!!!
	at smrunner.utils.Wrapper.eatOneSquare(Wrapper.java:212)
	at smrunner.operator.AddList.apply(AddList.java:222)
	at smrunner.operator.Operator.repair(Operator.java:48)
	at smrunner.utils.Wrapper.repairingInternal(Wrapper.java:381)
	at smrunner.utils.Wrapper.eatOneSquare(Wrapper.java:286)
	at smrunner.operator.AddList.apply(AddList.java:224)
	at smrunner.operator.Operator.repair(Operator.java:48)
	at smrunner.utils.Wrapper.repairingInternal(Wrapper.java:381)
	at smrunner.utils.Wrapper.eatOneSquare(Wrapper.java:247)
	at smrunner.operator.AddList.apply(AddList.java:222)
	at smrunner.operator.Operator.repair(Operator.java:48)
	at smrunner.SMRunner.process(SMRunner.java:110)
	at smrunner.SMRunner.process(SMRunner.java:83)
	at smrunner.real.debian_Test.test1(debian_Test.java:51)
</error>
  </testcase>
  <system-out><![CDATA[DOF's
]]></system-out>
  <system-err><![CDATA[]]></system-err>
</testsuite>
